2017-06-11 21:12:18,834 [INFO] from play.core.server.NettyServer in pool-4-thread-5 - Listening for HTTP on /0:0:0:0:0:0:0:0:9000
2017-06-11 21:12:22,434 [WARN] from application in ForkJoinPool-1-worker-1 - Logger configuration in conf files is deprecated and has no effect. Use a logback configuration file instead.
2017-06-11 21:12:28,830 [INFO] from play.api.Play in ForkJoinPool-1-worker-1 - Application started (Dev)
2017-06-12 16:56:19,868 [ERROR] from application in application-akka.actor.default-dispatcher-36 - 

! @74an8bcgb - Internal server error, for (POST) [/products/new] ->
 
play.api.http.HttpErrorHandlerExceptions$$anon$1: Execution exception[[JsResultException: JsResultException(errors:List((/imgUrl,List(ValidationError(List(error.path.missing),WrappedArray()))), (/cena,List(ValidationError(List(error.path.missing),WrappedArray()))), (/kategoriaId,List(ValidationError(List(error.path.missing),WrappedArray()))), (/prodId,List(ValidationError(List(error.path.missing),WrappedArray())))))]]
	at play.api.http.HttpErrorHandlerExceptions$.throwableToUsefulException(HttpErrorHandler.scala:265) ~[play_2.11-2.4.9.jar:2.4.9]
	at play.api.http.DefaultHttpErrorHandler.onServerError(HttpErrorHandler.scala:191) ~[play_2.11-2.4.9.jar:2.4.9]
	at play.api.GlobalSettings$class.onError(GlobalSettings.scala:179) [play_2.11-2.4.9.jar:2.4.9]
	at play.api.DefaultGlobal$.onError(GlobalSettings.scala:212) [play_2.11-2.4.9.jar:2.4.9]
	at play.api.http.GlobalSettingsHttpErrorHandler.onServerError(HttpErrorHandler.scala:94) [play_2.11-2.4.9.jar:2.4.9]
	at play.filters.cors.AbstractCORSPolicy$$anonfun$1.applyOrElse(AbstractCORSPolicy.scala:145) [filters-helpers_2.11-2.4.9.jar:2.4.9]
	at play.filters.cors.AbstractCORSPolicy$$anonfun$1.applyOrElse(AbstractCORSPolicy.scala:144) [filters-helpers_2.11-2.4.9.jar:2.4.9]
	at scala.concurrent.Future$$anonfun$recoverWith$1.apply(Future.scala:344) [scala-library-2.11.7.jar:na]
	at scala.concurrent.Future$$anonfun$recoverWith$1.apply(Future.scala:343) [scala-library-2.11.7.jar:na]
	at scala.concurrent.impl.CallbackRunnable.run(Promise.scala:32) [scala-library-2.11.7.jar:na]
	at play.api.libs.iteratee.Execution$trampoline$.execute(Execution.scala:70) [play-iteratees_2.11-2.4.9.jar:2.4.9]
	at scala.concurrent.impl.CallbackRunnable.executeWithValue(Promise.scala:40) [scala-library-2.11.7.jar:na]
	at scala.concurrent.impl.Promise$DefaultPromise.tryComplete(Promise.scala:248) [scala-library-2.11.7.jar:na]
	at scala.concurrent.Promise$class.tryFailure(Promise.scala:112) [scala-library-2.11.7.jar:na]
	at scala.concurrent.impl.Promise$DefaultPromise.tryFailure(Promise.scala:153) [scala-library-2.11.7.jar:na]
	at play.api.mvc.Filter$$anon$1$$anonfun$apply$4$$anonfun$apply$1.applyOrElse(Filters.scala:67) [play_2.11-2.4.9.jar:2.4.9]
	at play.api.mvc.Filter$$anon$1$$anonfun$apply$4$$anonfun$apply$1.applyOrElse(Filters.scala:61) [play_2.11-2.4.9.jar:2.4.9]
	at scala.runtime.AbstractPartialFunction.apply(AbstractPartialFunction.scala:36) [scala-library-2.11.7.jar:na]
	at play.api.libs.iteratee.Iteratee$$anonfun$recoverM$1.applyOrElse(Iteratee.scala:629) [play-iteratees_2.11-2.4.9.jar:2.4.9]
	at play.api.libs.iteratee.Iteratee$$anonfun$recoverM$1.applyOrElse(Iteratee.scala:629) [play-iteratees_2.11-2.4.9.jar:2.4.9]
	at scala.runtime.AbstractPartialFunction.apply(AbstractPartialFunction.scala:36) [scala-library-2.11.7.jar:na]
	at scala.util.Failure$$anonfun$recover$1.apply(Try.scala:216) [scala-library-2.11.7.jar:na]
	at scala.util.Try$.apply(Try.scala:192) [scala-library-2.11.7.jar:na]
	at scala.util.Failure.recover(Try.scala:216) [scala-library-2.11.7.jar:na]
	at scala.concurrent.Future$$anonfun$recover$1.apply(Future.scala:324) [scala-library-2.11.7.jar:na]
	at scala.concurrent.Future$$anonfun$recover$1.apply(Future.scala:324) [scala-library-2.11.7.jar:na]
	at scala.concurrent.impl.CallbackRunnable.run(Promise.scala:32) [scala-library-2.11.7.jar:na]
	at akka.dispatch.BatchingExecutor$AbstractBatch.processBatch(BatchingExecutor.scala:55) [akka-actor_2.11-2.3.13.jar:na]
	at akka.dispatch.BatchingExecutor$BlockableBatch$$anonfun$run$1.apply$mcV$sp(BatchingExecutor.scala:91) [akka-actor_2.11-2.3.13.jar:na]
	at akka.dispatch.BatchingExecutor$BlockableBatch$$anonfun$run$1.apply(BatchingExecutor.scala:91) [akka-actor_2.11-2.3.13.jar:na]
	at akka.dispatch.BatchingExecutor$BlockableBatch$$anonfun$run$1.apply(BatchingExecutor.scala:91) [akka-actor_2.11-2.3.13.jar:na]
	at scala.concurrent.BlockContext$.withBlockContext(BlockContext.scala:72) [scala-library-2.11.7.jar:na]
	at akka.dispatch.BatchingExecutor$BlockableBatch.run(BatchingExecutor.scala:90) [akka-actor_2.11-2.3.13.jar:na]
	at akka.dispatch.TaskInvocation.run(AbstractDispatcher.scala:40) [akka-actor_2.11-2.3.13.jar:na]
	at akka.dispatch.ForkJoinExecutorConfigurator$AkkaForkJoinTask.exec(AbstractDispatcher.scala:397) [akka-actor_2.11-2.3.13.jar:na]
	at scala.concurrent.forkjoin.ForkJoinTask.doExec(ForkJoinTask.java:260) [scala-library-2.11.7.jar:na]
	at scala.concurrent.forkjoin.ForkJoinPool$WorkQueue.runTask(ForkJoinPool.java:1339) [scala-library-2.11.7.jar:na]
	at scala.concurrent.forkjoin.ForkJoinPool.runWorker(ForkJoinPool.java:1979) [scala-library-2.11.7.jar:na]
	at scala.concurrent.forkjoin.ForkJoinWorkerThread.run(ForkJoinWorkerThread.java:107) [scala-library-2.11.7.jar:na]
Caused by: play.api.libs.json.JsResultException: JsResultException(errors:List((/imgUrl,List(ValidationError(List(error.path.missing),WrappedArray()))), (/cena,List(ValidationError(List(error.path.missing),WrappedArray()))), (/kategoriaId,List(ValidationError(List(error.path.missing),WrappedArray()))), (/prodId,List(ValidationError(List(error.path.missing),WrappedArray())))))
	at play.api.libs.json.JsReadable$$anonfun$2.apply(JsReadable.scala:20) ~[play-json_2.11-2.4.9.jar:2.4.9]
	at play.api.libs.json.JsReadable$$anonfun$2.apply(JsReadable.scala:20) ~[play-json_2.11-2.4.9.jar:2.4.9]
	at play.api.libs.json.JsResult$class.fold(JsResult.scala:73) ~[play-json_2.11-2.4.9.jar:2.4.9]
	at play.api.libs.json.JsError.fold(JsResult.scala:13) ~[play-json_2.11-2.4.9.jar:2.4.9]
	at play.api.libs.json.JsReadable$class.as(JsReadable.scala:18) ~[play-json_2.11-2.4.9.jar:2.4.9]
	at play.api.libs.json.JsObject.as(JsValue.scala:76) ~[play-json_2.11-2.4.9.jar:2.4.9]
	at controllers.ProductController$$anonfun$newproduct$1.apply(ProductController.scala:32) ~[classes/:na]
	at controllers.ProductController$$anonfun$newproduct$1.apply(ProductController.scala:31) ~[classes/:na]
	at play.api.mvc.ActionBuilder$$anonfun$apply$16.apply(Action.scala:408) ~[play_2.11-2.4.9.jar:2.4.9]
	at play.api.mvc.ActionBuilder$$anonfun$apply$16.apply(Action.scala:407) ~[play_2.11-2.4.9.jar:2.4.9]
	at play.api.mvc.Action$.invokeBlock(Action.scala:533) ~[play_2.11-2.4.9.jar:2.4.9]
	at play.api.mvc.Action$.invokeBlock(Action.scala:530) ~[play_2.11-2.4.9.jar:2.4.9]
	at play.api.mvc.ActionBuilder$$anon$1.apply(Action.scala:493) ~[play_2.11-2.4.9.jar:2.4.9]
	at play.api.mvc.Action$$anonfun$apply$1$$anonfun$apply$4$$anonfun$apply$5.apply(Action.scala:105) ~[play_2.11-2.4.9.jar:2.4.9]
	at play.api.mvc.Action$$anonfun$apply$1$$anonfun$apply$4$$anonfun$apply$5.apply(Action.scala:105) ~[play_2.11-2.4.9.jar:2.4.9]
	at play.utils.Threads$.withContextClassLoader(Threads.scala:21) ~[play_2.11-2.4.9.jar:2.4.9]
	at play.api.mvc.Action$$anonfun$apply$1$$anonfun$apply$4.apply(Action.scala:104) ~[play_2.11-2.4.9.jar:2.4.9]
	at play.api.mvc.Action$$anonfun$apply$1$$anonfun$apply$4.apply(Action.scala:103) ~[play_2.11-2.4.9.jar:2.4.9]
	at scala.Option.map(Option.scala:146) ~[scala-library-2.11.7.jar:na]
	at play.api.mvc.Action$$anonfun$apply$1.apply(Action.scala:103) ~[play_2.11-2.4.9.jar:2.4.9]
	at play.api.mvc.Action$$anonfun$apply$1.apply(Action.scala:96) ~[play_2.11-2.4.9.jar:2.4.9]
	at play.api.libs.iteratee.Iteratee$$anonfun$mapM$1.apply(Iteratee.scala:524) ~[play-iteratees_2.11-2.4.9.jar:2.4.9]
	at play.api.libs.iteratee.Iteratee$$anonfun$mapM$1.apply(Iteratee.scala:524) ~[play-iteratees_2.11-2.4.9.jar:2.4.9]
	at play.api.libs.iteratee.Iteratee$$anonfun$flatMapM$1.apply(Iteratee.scala:560) ~[play-iteratees_2.11-2.4.9.jar:2.4.9]
	at play.api.libs.iteratee.Iteratee$$anonfun$flatMapM$1.apply(Iteratee.scala:560) ~[play-iteratees_2.11-2.4.9.jar:2.4.9]
	at play.api.libs.iteratee.Iteratee$$anonfun$flatMap$1$$anonfun$apply$14.apply(Iteratee.scala:537) ~[play-iteratees_2.11-2.4.9.jar:2.4.9]
	at play.api.libs.iteratee.Iteratee$$anonfun$flatMap$1$$anonfun$apply$14.apply(Iteratee.scala:537) ~[play-iteratees_2.11-2.4.9.jar:2.4.9]
	at scala.concurrent.impl.Future$PromiseCompletingRunnable.liftedTree1$1(Future.scala:24) ~[scala-library-2.11.7.jar:na]
	at scala.concurrent.impl.Future$PromiseCompletingRunnable.run(Future.scala:24) ~[scala-library-2.11.7.jar:na]
	... 6 common frames omitted
2017-06-12 16:57:00,265 [ERROR] from application in application-akka.actor.default-dispatcher-36 - 

! @74an8dkbg - Internal server error, for (POST) [/products/new] ->
 
play.api.http.HttpErrorHandlerExceptions$$anon$1: Execution exception[[JsResultException: JsResultException(errors:List((/imgUrl,List(ValidationError(List(error.path.missing),WrappedArray()))), (/cena,List(ValidationError(List(error.path.missing),WrappedArray()))), (/kategoriaId,List(ValidationError(List(error.path.missing),WrappedArray()))), (/prodId,List(ValidationError(List(error.path.missing),WrappedArray())))))]]
	at play.api.http.HttpErrorHandlerExceptions$.throwableToUsefulException(HttpErrorHandler.scala:265) ~[play_2.11-2.4.9.jar:2.4.9]
	at play.api.http.DefaultHttpErrorHandler.onServerError(HttpErrorHandler.scala:191) ~[play_2.11-2.4.9.jar:2.4.9]
	at play.api.GlobalSettings$class.onError(GlobalSettings.scala:179) [play_2.11-2.4.9.jar:2.4.9]
	at play.api.DefaultGlobal$.onError(GlobalSettings.scala:212) [play_2.11-2.4.9.jar:2.4.9]
	at play.api.http.GlobalSettingsHttpErrorHandler.onServerError(HttpErrorHandler.scala:94) [play_2.11-2.4.9.jar:2.4.9]
	at play.filters.cors.AbstractCORSPolicy$$anonfun$1.applyOrElse(AbstractCORSPolicy.scala:145) [filters-helpers_2.11-2.4.9.jar:2.4.9]
	at play.filters.cors.AbstractCORSPolicy$$anonfun$1.applyOrElse(AbstractCORSPolicy.scala:144) [filters-helpers_2.11-2.4.9.jar:2.4.9]
	at scala.concurrent.Future$$anonfun$recoverWith$1.apply(Future.scala:344) [scala-library-2.11.7.jar:na]
	at scala.concurrent.Future$$anonfun$recoverWith$1.apply(Future.scala:343) [scala-library-2.11.7.jar:na]
	at scala.concurrent.impl.CallbackRunnable.run(Promise.scala:32) [scala-library-2.11.7.jar:na]
	at play.api.libs.iteratee.Execution$trampoline$.execute(Execution.scala:70) [play-iteratees_2.11-2.4.9.jar:2.4.9]
	at scala.concurrent.impl.CallbackRunnable.executeWithValue(Promise.scala:40) [scala-library-2.11.7.jar:na]
	at scala.concurrent.impl.Promise$DefaultPromise.tryComplete(Promise.scala:248) [scala-library-2.11.7.jar:na]
	at scala.concurrent.Promise$class.tryFailure(Promise.scala:112) [scala-library-2.11.7.jar:na]
	at scala.concurrent.impl.Promise$DefaultPromise.tryFailure(Promise.scala:153) [scala-library-2.11.7.jar:na]
	at play.api.mvc.Filter$$anon$1$$anonfun$apply$4$$anonfun$apply$1.applyOrElse(Filters.scala:67) [play_2.11-2.4.9.jar:2.4.9]
	at play.api.mvc.Filter$$anon$1$$anonfun$apply$4$$anonfun$apply$1.applyOrElse(Filters.scala:61) [play_2.11-2.4.9.jar:2.4.9]
	at scala.runtime.AbstractPartialFunction.apply(AbstractPartialFunction.scala:36) [scala-library-2.11.7.jar:na]
	at play.api.libs.iteratee.Iteratee$$anonfun$recoverM$1.applyOrElse(Iteratee.scala:629) [play-iteratees_2.11-2.4.9.jar:2.4.9]
	at play.api.libs.iteratee.Iteratee$$anonfun$recoverM$1.applyOrElse(Iteratee.scala:629) [play-iteratees_2.11-2.4.9.jar:2.4.9]
	at scala.runtime.AbstractPartialFunction.apply(AbstractPartialFunction.scala:36) [scala-library-2.11.7.jar:na]
	at scala.util.Failure$$anonfun$recover$1.apply(Try.scala:216) [scala-library-2.11.7.jar:na]
	at scala.util.Try$.apply(Try.scala:192) [scala-library-2.11.7.jar:na]
	at scala.util.Failure.recover(Try.scala:216) [scala-library-2.11.7.jar:na]
	at scala.concurrent.Future$$anonfun$recover$1.apply(Future.scala:324) [scala-library-2.11.7.jar:na]
	at scala.concurrent.Future$$anonfun$recover$1.apply(Future.scala:324) [scala-library-2.11.7.jar:na]
	at scala.concurrent.impl.CallbackRunnable.run(Promise.scala:32) [scala-library-2.11.7.jar:na]
	at akka.dispatch.BatchingExecutor$AbstractBatch.processBatch(BatchingExecutor.scala:55) [akka-actor_2.11-2.3.13.jar:na]
	at akka.dispatch.BatchingExecutor$BlockableBatch$$anonfun$run$1.apply$mcV$sp(BatchingExecutor.scala:91) [akka-actor_2.11-2.3.13.jar:na]
	at akka.dispatch.BatchingExecutor$BlockableBatch$$anonfun$run$1.apply(BatchingExecutor.scala:91) [akka-actor_2.11-2.3.13.jar:na]
	at akka.dispatch.BatchingExecutor$BlockableBatch$$anonfun$run$1.apply(BatchingExecutor.scala:91) [akka-actor_2.11-2.3.13.jar:na]
	at scala.concurrent.BlockContext$.withBlockContext(BlockContext.scala:72) [scala-library-2.11.7.jar:na]
	at akka.dispatch.BatchingExecutor$BlockableBatch.run(BatchingExecutor.scala:90) [akka-actor_2.11-2.3.13.jar:na]
	at akka.dispatch.TaskInvocation.run(AbstractDispatcher.scala:40) [akka-actor_2.11-2.3.13.jar:na]
	at akka.dispatch.ForkJoinExecutorConfigurator$AkkaForkJoinTask.exec(AbstractDispatcher.scala:397) [akka-actor_2.11-2.3.13.jar:na]
	at scala.concurrent.forkjoin.ForkJoinTask.doExec(ForkJoinTask.java:260) [scala-library-2.11.7.jar:na]
	at scala.concurrent.forkjoin.ForkJoinPool$WorkQueue.runTask(ForkJoinPool.java:1339) [scala-library-2.11.7.jar:na]
	at scala.concurrent.forkjoin.ForkJoinPool.runWorker(ForkJoinPool.java:1979) [scala-library-2.11.7.jar:na]
	at scala.concurrent.forkjoin.ForkJoinWorkerThread.run(ForkJoinWorkerThread.java:107) [scala-library-2.11.7.jar:na]
Caused by: play.api.libs.json.JsResultException: JsResultException(errors:List((/imgUrl,List(ValidationError(List(error.path.missing),WrappedArray()))), (/cena,List(ValidationError(List(error.path.missing),WrappedArray()))), (/kategoriaId,List(ValidationError(List(error.path.missing),WrappedArray()))), (/prodId,List(ValidationError(List(error.path.missing),WrappedArray())))))
	at play.api.libs.json.JsReadable$$anonfun$2.apply(JsReadable.scala:20) ~[play-json_2.11-2.4.9.jar:2.4.9]
	at play.api.libs.json.JsReadable$$anonfun$2.apply(JsReadable.scala:20) ~[play-json_2.11-2.4.9.jar:2.4.9]
	at play.api.libs.json.JsResult$class.fold(JsResult.scala:73) ~[play-json_2.11-2.4.9.jar:2.4.9]
	at play.api.libs.json.JsError.fold(JsResult.scala:13) ~[play-json_2.11-2.4.9.jar:2.4.9]
	at play.api.libs.json.JsReadable$class.as(JsReadable.scala:18) ~[play-json_2.11-2.4.9.jar:2.4.9]
	at play.api.libs.json.JsObject.as(JsValue.scala:76) ~[play-json_2.11-2.4.9.jar:2.4.9]
	at controllers.ProductController$$anonfun$newproduct$1.apply(ProductController.scala:32) ~[classes/:na]
	at controllers.ProductController$$anonfun$newproduct$1.apply(ProductController.scala:31) ~[classes/:na]
	at play.api.mvc.ActionBuilder$$anonfun$apply$16.apply(Action.scala:408) ~[play_2.11-2.4.9.jar:2.4.9]
	at play.api.mvc.ActionBuilder$$anonfun$apply$16.apply(Action.scala:407) ~[play_2.11-2.4.9.jar:2.4.9]
	at play.api.mvc.Action$.invokeBlock(Action.scala:533) ~[play_2.11-2.4.9.jar:2.4.9]
	at play.api.mvc.Action$.invokeBlock(Action.scala:530) ~[play_2.11-2.4.9.jar:2.4.9]
	at play.api.mvc.ActionBuilder$$anon$1.apply(Action.scala:493) ~[play_2.11-2.4.9.jar:2.4.9]
	at play.api.mvc.Action$$anonfun$apply$1$$anonfun$apply$4$$anonfun$apply$5.apply(Action.scala:105) ~[play_2.11-2.4.9.jar:2.4.9]
	at play.api.mvc.Action$$anonfun$apply$1$$anonfun$apply$4$$anonfun$apply$5.apply(Action.scala:105) ~[play_2.11-2.4.9.jar:2.4.9]
	at play.utils.Threads$.withContextClassLoader(Threads.scala:21) ~[play_2.11-2.4.9.jar:2.4.9]
	at play.api.mvc.Action$$anonfun$apply$1$$anonfun$apply$4.apply(Action.scala:104) ~[play_2.11-2.4.9.jar:2.4.9]
	at play.api.mvc.Action$$anonfun$apply$1$$anonfun$apply$4.apply(Action.scala:103) ~[play_2.11-2.4.9.jar:2.4.9]
	at scala.Option.map(Option.scala:146) ~[scala-library-2.11.7.jar:na]
	at play.api.mvc.Action$$anonfun$apply$1.apply(Action.scala:103) ~[play_2.11-2.4.9.jar:2.4.9]
	at play.api.mvc.Action$$anonfun$apply$1.apply(Action.scala:96) ~[play_2.11-2.4.9.jar:2.4.9]
	at play.api.libs.iteratee.Iteratee$$anonfun$mapM$1.apply(Iteratee.scala:524) ~[play-iteratees_2.11-2.4.9.jar:2.4.9]
	at play.api.libs.iteratee.Iteratee$$anonfun$mapM$1.apply(Iteratee.scala:524) ~[play-iteratees_2.11-2.4.9.jar:2.4.9]
	at play.api.libs.iteratee.Iteratee$$anonfun$flatMapM$1.apply(Iteratee.scala:560) ~[play-iteratees_2.11-2.4.9.jar:2.4.9]
	at play.api.libs.iteratee.Iteratee$$anonfun$flatMapM$1.apply(Iteratee.scala:560) ~[play-iteratees_2.11-2.4.9.jar:2.4.9]
	at play.api.libs.iteratee.Iteratee$$anonfun$flatMap$1$$anonfun$apply$14.apply(Iteratee.scala:537) ~[play-iteratees_2.11-2.4.9.jar:2.4.9]
	at play.api.libs.iteratee.Iteratee$$anonfun$flatMap$1$$anonfun$apply$14.apply(Iteratee.scala:537) ~[play-iteratees_2.11-2.4.9.jar:2.4.9]
	at scala.concurrent.impl.Future$PromiseCompletingRunnable.liftedTree1$1(Future.scala:24) ~[scala-library-2.11.7.jar:na]
	at scala.concurrent.impl.Future$PromiseCompletingRunnable.run(Future.scala:24) ~[scala-library-2.11.7.jar:na]
	... 6 common frames omitted
2017-06-12 19:13:49,910 [ERROR] from application in application-akka.actor.default-dispatcher-108 - 

! @74ao0cmkk - Internal server error, for (POST) [/products/new] ->
 
play.api.http.HttpErrorHandlerExceptions$$anon$1: Execution exception[[JsResultException: JsResultException(errors:List((/imgUrl,List(ValidationError(List(error.path.missing),WrappedArray()))), (/cena,List(ValidationError(List(error.path.missing),WrappedArray()))), (/kategoriaId,List(ValidationError(List(error.path.missing),WrappedArray()))), (/prodId,List(ValidationError(List(error.path.missing),WrappedArray())))))]]
	at play.api.http.HttpErrorHandlerExceptions$.throwableToUsefulException(HttpErrorHandler.scala:265) ~[play_2.11-2.4.9.jar:2.4.9]
	at play.api.http.DefaultHttpErrorHandler.onServerError(HttpErrorHandler.scala:191) ~[play_2.11-2.4.9.jar:2.4.9]
	at play.api.GlobalSettings$class.onError(GlobalSettings.scala:179) [play_2.11-2.4.9.jar:2.4.9]
	at play.api.DefaultGlobal$.onError(GlobalSettings.scala:212) [play_2.11-2.4.9.jar:2.4.9]
	at play.api.http.GlobalSettingsHttpErrorHandler.onServerError(HttpErrorHandler.scala:94) [play_2.11-2.4.9.jar:2.4.9]
	at play.filters.cors.AbstractCORSPolicy$$anonfun$1.applyOrElse(AbstractCORSPolicy.scala:145) [filters-helpers_2.11-2.4.9.jar:2.4.9]
	at play.filters.cors.AbstractCORSPolicy$$anonfun$1.applyOrElse(AbstractCORSPolicy.scala:144) [filters-helpers_2.11-2.4.9.jar:2.4.9]
	at scala.concurrent.Future$$anonfun$recoverWith$1.apply(Future.scala:344) [scala-library-2.11.7.jar:na]
	at scala.concurrent.Future$$anonfun$recoverWith$1.apply(Future.scala:343) [scala-library-2.11.7.jar:na]
	at scala.concurrent.impl.CallbackRunnable.run(Promise.scala:32) [scala-library-2.11.7.jar:na]
	at play.api.libs.iteratee.Execution$trampoline$.execute(Execution.scala:70) [play-iteratees_2.11-2.4.9.jar:2.4.9]
	at scala.concurrent.impl.CallbackRunnable.executeWithValue(Promise.scala:40) [scala-library-2.11.7.jar:na]
	at scala.concurrent.impl.Promise$DefaultPromise.tryComplete(Promise.scala:248) [scala-library-2.11.7.jar:na]
	at scala.concurrent.Promise$class.tryFailure(Promise.scala:112) [scala-library-2.11.7.jar:na]
	at scala.concurrent.impl.Promise$DefaultPromise.tryFailure(Promise.scala:153) [scala-library-2.11.7.jar:na]
	at play.api.mvc.Filter$$anon$1$$anonfun$apply$4$$anonfun$apply$1.applyOrElse(Filters.scala:67) [play_2.11-2.4.9.jar:2.4.9]
	at play.api.mvc.Filter$$anon$1$$anonfun$apply$4$$anonfun$apply$1.applyOrElse(Filters.scala:61) [play_2.11-2.4.9.jar:2.4.9]
	at scala.runtime.AbstractPartialFunction.apply(AbstractPartialFunction.scala:36) [scala-library-2.11.7.jar:na]
	at play.api.libs.iteratee.Iteratee$$anonfun$recoverM$1.applyOrElse(Iteratee.scala:629) [play-iteratees_2.11-2.4.9.jar:2.4.9]
	at play.api.libs.iteratee.Iteratee$$anonfun$recoverM$1.applyOrElse(Iteratee.scala:629) [play-iteratees_2.11-2.4.9.jar:2.4.9]
	at scala.runtime.AbstractPartialFunction.apply(AbstractPartialFunction.scala:36) [scala-library-2.11.7.jar:na]
	at scala.util.Failure$$anonfun$recover$1.apply(Try.scala:216) [scala-library-2.11.7.jar:na]
	at scala.util.Try$.apply(Try.scala:192) [scala-library-2.11.7.jar:na]
	at scala.util.Failure.recover(Try.scala:216) [scala-library-2.11.7.jar:na]
	at scala.concurrent.Future$$anonfun$recover$1.apply(Future.scala:324) [scala-library-2.11.7.jar:na]
	at scala.concurrent.Future$$anonfun$recover$1.apply(Future.scala:324) [scala-library-2.11.7.jar:na]
	at scala.concurrent.impl.CallbackRunnable.run(Promise.scala:32) [scala-library-2.11.7.jar:na]
	at akka.dispatch.BatchingExecutor$AbstractBatch.processBatch(BatchingExecutor.scala:55) [akka-actor_2.11-2.3.13.jar:na]
	at akka.dispatch.BatchingExecutor$BlockableBatch$$anonfun$run$1.apply$mcV$sp(BatchingExecutor.scala:91) [akka-actor_2.11-2.3.13.jar:na]
	at akka.dispatch.BatchingExecutor$BlockableBatch$$anonfun$run$1.apply(BatchingExecutor.scala:91) [akka-actor_2.11-2.3.13.jar:na]
	at akka.dispatch.BatchingExecutor$BlockableBatch$$anonfun$run$1.apply(BatchingExecutor.scala:91) [akka-actor_2.11-2.3.13.jar:na]
	at scala.concurrent.BlockContext$.withBlockContext(BlockContext.scala:72) [scala-library-2.11.7.jar:na]
	at akka.dispatch.BatchingExecutor$BlockableBatch.run(BatchingExecutor.scala:90) [akka-actor_2.11-2.3.13.jar:na]
	at akka.dispatch.TaskInvocation.run(AbstractDispatcher.scala:40) [akka-actor_2.11-2.3.13.jar:na]
	at akka.dispatch.ForkJoinExecutorConfigurator$AkkaForkJoinTask.exec(AbstractDispatcher.scala:397) [akka-actor_2.11-2.3.13.jar:na]
	at scala.concurrent.forkjoin.ForkJoinTask.doExec(ForkJoinTask.java:260) [scala-library-2.11.7.jar:na]
	at scala.concurrent.forkjoin.ForkJoinPool$WorkQueue.runTask(ForkJoinPool.java:1339) [scala-library-2.11.7.jar:na]
	at scala.concurrent.forkjoin.ForkJoinPool.runWorker(ForkJoinPool.java:1979) [scala-library-2.11.7.jar:na]
	at scala.concurrent.forkjoin.ForkJoinWorkerThread.run(ForkJoinWorkerThread.java:107) [scala-library-2.11.7.jar:na]
Caused by: play.api.libs.json.JsResultException: JsResultException(errors:List((/imgUrl,List(ValidationError(List(error.path.missing),WrappedArray()))), (/cena,List(ValidationError(List(error.path.missing),WrappedArray()))), (/kategoriaId,List(ValidationError(List(error.path.missing),WrappedArray()))), (/prodId,List(ValidationError(List(error.path.missing),WrappedArray())))))
	at play.api.libs.json.JsReadable$$anonfun$2.apply(JsReadable.scala:20) ~[play-json_2.11-2.4.9.jar:2.4.9]
	at play.api.libs.json.JsReadable$$anonfun$2.apply(JsReadable.scala:20) ~[play-json_2.11-2.4.9.jar:2.4.9]
	at play.api.libs.json.JsResult$class.fold(JsResult.scala:73) ~[play-json_2.11-2.4.9.jar:2.4.9]
	at play.api.libs.json.JsError.fold(JsResult.scala:13) ~[play-json_2.11-2.4.9.jar:2.4.9]
	at play.api.libs.json.JsReadable$class.as(JsReadable.scala:18) ~[play-json_2.11-2.4.9.jar:2.4.9]
	at play.api.libs.json.JsObject.as(JsValue.scala:76) ~[play-json_2.11-2.4.9.jar:2.4.9]
	at controllers.ProductController$$anonfun$newproduct$1.apply(ProductController.scala:32) ~[classes/:na]
	at controllers.ProductController$$anonfun$newproduct$1.apply(ProductController.scala:31) ~[classes/:na]
	at play.api.mvc.ActionBuilder$$anonfun$apply$16.apply(Action.scala:408) ~[play_2.11-2.4.9.jar:2.4.9]
	at play.api.mvc.ActionBuilder$$anonfun$apply$16.apply(Action.scala:407) ~[play_2.11-2.4.9.jar:2.4.9]
	at play.api.mvc.Action$.invokeBlock(Action.scala:533) ~[play_2.11-2.4.9.jar:2.4.9]
	at play.api.mvc.Action$.invokeBlock(Action.scala:530) ~[play_2.11-2.4.9.jar:2.4.9]
	at play.api.mvc.ActionBuilder$$anon$1.apply(Action.scala:493) ~[play_2.11-2.4.9.jar:2.4.9]
	at play.api.mvc.Action$$anonfun$apply$1$$anonfun$apply$4$$anonfun$apply$5.apply(Action.scala:105) ~[play_2.11-2.4.9.jar:2.4.9]
	at play.api.mvc.Action$$anonfun$apply$1$$anonfun$apply$4$$anonfun$apply$5.apply(Action.scala:105) ~[play_2.11-2.4.9.jar:2.4.9]
	at play.utils.Threads$.withContextClassLoader(Threads.scala:21) ~[play_2.11-2.4.9.jar:2.4.9]
	at play.api.mvc.Action$$anonfun$apply$1$$anonfun$apply$4.apply(Action.scala:104) ~[play_2.11-2.4.9.jar:2.4.9]
	at play.api.mvc.Action$$anonfun$apply$1$$anonfun$apply$4.apply(Action.scala:103) ~[play_2.11-2.4.9.jar:2.4.9]
	at scala.Option.map(Option.scala:146) ~[scala-library-2.11.7.jar:na]
	at play.api.mvc.Action$$anonfun$apply$1.apply(Action.scala:103) ~[play_2.11-2.4.9.jar:2.4.9]
	at play.api.mvc.Action$$anonfun$apply$1.apply(Action.scala:96) ~[play_2.11-2.4.9.jar:2.4.9]
	at play.api.libs.iteratee.Iteratee$$anonfun$mapM$1.apply(Iteratee.scala:524) ~[play-iteratees_2.11-2.4.9.jar:2.4.9]
	at play.api.libs.iteratee.Iteratee$$anonfun$mapM$1.apply(Iteratee.scala:524) ~[play-iteratees_2.11-2.4.9.jar:2.4.9]
	at play.api.libs.iteratee.Iteratee$$anonfun$flatMapM$1.apply(Iteratee.scala:560) ~[play-iteratees_2.11-2.4.9.jar:2.4.9]
	at play.api.libs.iteratee.Iteratee$$anonfun$flatMapM$1.apply(Iteratee.scala:560) ~[play-iteratees_2.11-2.4.9.jar:2.4.9]
	at play.api.libs.iteratee.Iteratee$$anonfun$flatMap$1$$anonfun$apply$14.apply(Iteratee.scala:537) ~[play-iteratees_2.11-2.4.9.jar:2.4.9]
	at play.api.libs.iteratee.Iteratee$$anonfun$flatMap$1$$anonfun$apply$14.apply(Iteratee.scala:537) ~[play-iteratees_2.11-2.4.9.jar:2.4.9]
	at scala.concurrent.impl.Future$PromiseCompletingRunnable.liftedTree1$1(Future.scala:24) ~[scala-library-2.11.7.jar:na]
	at scala.concurrent.impl.Future$PromiseCompletingRunnable.run(Future.scala:24) ~[scala-library-2.11.7.jar:na]
	... 6 common frames omitted
2017-06-12 19:13:52,413 [ERROR] from application in application-akka.actor.default-dispatcher-108 - 

! @74ao0d0fc - Internal server error, for (POST) [/products/new] ->
 
play.api.http.HttpErrorHandlerExceptions$$anon$1: Execution exception[[JsResultException: JsResultException(errors:List((/imgUrl,List(ValidationError(List(error.path.missing),WrappedArray()))), (/cena,List(ValidationError(List(error.path.missing),WrappedArray()))), (/kategoriaId,List(ValidationError(List(error.path.missing),WrappedArray()))), (/prodId,List(ValidationError(List(error.path.missing),WrappedArray())))))]]
	at play.api.http.HttpErrorHandlerExceptions$.throwableToUsefulException(HttpErrorHandler.scala:265) ~[play_2.11-2.4.9.jar:2.4.9]
	at play.api.http.DefaultHttpErrorHandler.onServerError(HttpErrorHandler.scala:191) ~[play_2.11-2.4.9.jar:2.4.9]
	at play.api.GlobalSettings$class.onError(GlobalSettings.scala:179) [play_2.11-2.4.9.jar:2.4.9]
	at play.api.DefaultGlobal$.onError(GlobalSettings.scala:212) [play_2.11-2.4.9.jar:2.4.9]
	at play.api.http.GlobalSettingsHttpErrorHandler.onServerError(HttpErrorHandler.scala:94) [play_2.11-2.4.9.jar:2.4.9]
	at play.filters.cors.AbstractCORSPolicy$$anonfun$1.applyOrElse(AbstractCORSPolicy.scala:145) [filters-helpers_2.11-2.4.9.jar:2.4.9]
	at play.filters.cors.AbstractCORSPolicy$$anonfun$1.applyOrElse(AbstractCORSPolicy.scala:144) [filters-helpers_2.11-2.4.9.jar:2.4.9]
	at scala.concurrent.Future$$anonfun$recoverWith$1.apply(Future.scala:344) [scala-library-2.11.7.jar:na]
	at scala.concurrent.Future$$anonfun$recoverWith$1.apply(Future.scala:343) [scala-library-2.11.7.jar:na]
	at scala.concurrent.impl.CallbackRunnable.run(Promise.scala:32) [scala-library-2.11.7.jar:na]
	at play.api.libs.iteratee.Execution$trampoline$.execute(Execution.scala:70) [play-iteratees_2.11-2.4.9.jar:2.4.9]
	at scala.concurrent.impl.CallbackRunnable.executeWithValue(Promise.scala:40) [scala-library-2.11.7.jar:na]
	at scala.concurrent.impl.Promise$DefaultPromise.tryComplete(Promise.scala:248) [scala-library-2.11.7.jar:na]
	at scala.concurrent.Promise$class.tryFailure(Promise.scala:112) [scala-library-2.11.7.jar:na]
	at scala.concurrent.impl.Promise$DefaultPromise.tryFailure(Promise.scala:153) [scala-library-2.11.7.jar:na]
	at play.api.mvc.Filter$$anon$1$$anonfun$apply$4$$anonfun$apply$1.applyOrElse(Filters.scala:67) [play_2.11-2.4.9.jar:2.4.9]
	at play.api.mvc.Filter$$anon$1$$anonfun$apply$4$$anonfun$apply$1.applyOrElse(Filters.scala:61) [play_2.11-2.4.9.jar:2.4.9]
	at scala.runtime.AbstractPartialFunction.apply(AbstractPartialFunction.scala:36) [scala-library-2.11.7.jar:na]
	at play.api.libs.iteratee.Iteratee$$anonfun$recoverM$1.applyOrElse(Iteratee.scala:629) [play-iteratees_2.11-2.4.9.jar:2.4.9]
	at play.api.libs.iteratee.Iteratee$$anonfun$recoverM$1.applyOrElse(Iteratee.scala:629) [play-iteratees_2.11-2.4.9.jar:2.4.9]
	at scala.runtime.AbstractPartialFunction.apply(AbstractPartialFunction.scala:36) [scala-library-2.11.7.jar:na]
	at scala.util.Failure$$anonfun$recover$1.apply(Try.scala:216) [scala-library-2.11.7.jar:na]
	at scala.util.Try$.apply(Try.scala:192) [scala-library-2.11.7.jar:na]
	at scala.util.Failure.recover(Try.scala:216) [scala-library-2.11.7.jar:na]
	at scala.concurrent.Future$$anonfun$recover$1.apply(Future.scala:324) [scala-library-2.11.7.jar:na]
	at scala.concurrent.Future$$anonfun$recover$1.apply(Future.scala:324) [scala-library-2.11.7.jar:na]
	at scala.concurrent.impl.CallbackRunnable.run(Promise.scala:32) [scala-library-2.11.7.jar:na]
	at akka.dispatch.BatchingExecutor$AbstractBatch.processBatch(BatchingExecutor.scala:55) [akka-actor_2.11-2.3.13.jar:na]
	at akka.dispatch.BatchingExecutor$BlockableBatch$$anonfun$run$1.apply$mcV$sp(BatchingExecutor.scala:91) [akka-actor_2.11-2.3.13.jar:na]
	at akka.dispatch.BatchingExecutor$BlockableBatch$$anonfun$run$1.apply(BatchingExecutor.scala:91) [akka-actor_2.11-2.3.13.jar:na]
	at akka.dispatch.BatchingExecutor$BlockableBatch$$anonfun$run$1.apply(BatchingExecutor.scala:91) [akka-actor_2.11-2.3.13.jar:na]
	at scala.concurrent.BlockContext$.withBlockContext(BlockContext.scala:72) [scala-library-2.11.7.jar:na]
	at akka.dispatch.BatchingExecutor$BlockableBatch.run(BatchingExecutor.scala:90) [akka-actor_2.11-2.3.13.jar:na]
	at akka.dispatch.TaskInvocation.run(AbstractDispatcher.scala:40) [akka-actor_2.11-2.3.13.jar:na]
	at akka.dispatch.ForkJoinExecutorConfigurator$AkkaForkJoinTask.exec(AbstractDispatcher.scala:397) [akka-actor_2.11-2.3.13.jar:na]
	at scala.concurrent.forkjoin.ForkJoinTask.doExec(ForkJoinTask.java:260) [scala-library-2.11.7.jar:na]
	at scala.concurrent.forkjoin.ForkJoinPool$WorkQueue.runTask(ForkJoinPool.java:1339) [scala-library-2.11.7.jar:na]
	at scala.concurrent.forkjoin.ForkJoinPool.runWorker(ForkJoinPool.java:1979) [scala-library-2.11.7.jar:na]
	at scala.concurrent.forkjoin.ForkJoinWorkerThread.run(ForkJoinWorkerThread.java:107) [scala-library-2.11.7.jar:na]
Caused by: play.api.libs.json.JsResultException: JsResultException(errors:List((/imgUrl,List(ValidationError(List(error.path.missing),WrappedArray()))), (/cena,List(ValidationError(List(error.path.missing),WrappedArray()))), (/kategoriaId,List(ValidationError(List(error.path.missing),WrappedArray()))), (/prodId,List(ValidationError(List(error.path.missing),WrappedArray())))))
	at play.api.libs.json.JsReadable$$anonfun$2.apply(JsReadable.scala:20) ~[play-json_2.11-2.4.9.jar:2.4.9]
	at play.api.libs.json.JsReadable$$anonfun$2.apply(JsReadable.scala:20) ~[play-json_2.11-2.4.9.jar:2.4.9]
	at play.api.libs.json.JsResult$class.fold(JsResult.scala:73) ~[play-json_2.11-2.4.9.jar:2.4.9]
	at play.api.libs.json.JsError.fold(JsResult.scala:13) ~[play-json_2.11-2.4.9.jar:2.4.9]
	at play.api.libs.json.JsReadable$class.as(JsReadable.scala:18) ~[play-json_2.11-2.4.9.jar:2.4.9]
	at play.api.libs.json.JsObject.as(JsValue.scala:76) ~[play-json_2.11-2.4.9.jar:2.4.9]
	at controllers.ProductController$$anonfun$newproduct$1.apply(ProductController.scala:32) ~[classes/:na]
	at controllers.ProductController$$anonfun$newproduct$1.apply(ProductController.scala:31) ~[classes/:na]
	at play.api.mvc.ActionBuilder$$anonfun$apply$16.apply(Action.scala:408) ~[play_2.11-2.4.9.jar:2.4.9]
	at play.api.mvc.ActionBuilder$$anonfun$apply$16.apply(Action.scala:407) ~[play_2.11-2.4.9.jar:2.4.9]
	at play.api.mvc.Action$.invokeBlock(Action.scala:533) ~[play_2.11-2.4.9.jar:2.4.9]
	at play.api.mvc.Action$.invokeBlock(Action.scala:530) ~[play_2.11-2.4.9.jar:2.4.9]
	at play.api.mvc.ActionBuilder$$anon$1.apply(Action.scala:493) ~[play_2.11-2.4.9.jar:2.4.9]
	at play.api.mvc.Action$$anonfun$apply$1$$anonfun$apply$4$$anonfun$apply$5.apply(Action.scala:105) ~[play_2.11-2.4.9.jar:2.4.9]
	at play.api.mvc.Action$$anonfun$apply$1$$anonfun$apply$4$$anonfun$apply$5.apply(Action.scala:105) ~[play_2.11-2.4.9.jar:2.4.9]
	at play.utils.Threads$.withContextClassLoader(Threads.scala:21) ~[play_2.11-2.4.9.jar:2.4.9]
	at play.api.mvc.Action$$anonfun$apply$1$$anonfun$apply$4.apply(Action.scala:104) ~[play_2.11-2.4.9.jar:2.4.9]
	at play.api.mvc.Action$$anonfun$apply$1$$anonfun$apply$4.apply(Action.scala:103) ~[play_2.11-2.4.9.jar:2.4.9]
	at scala.Option.map(Option.scala:146) ~[scala-library-2.11.7.jar:na]
	at play.api.mvc.Action$$anonfun$apply$1.apply(Action.scala:103) ~[play_2.11-2.4.9.jar:2.4.9]
	at play.api.mvc.Action$$anonfun$apply$1.apply(Action.scala:96) ~[play_2.11-2.4.9.jar:2.4.9]
	at play.api.libs.iteratee.Iteratee$$anonfun$mapM$1.apply(Iteratee.scala:524) ~[play-iteratees_2.11-2.4.9.jar:2.4.9]
	at play.api.libs.iteratee.Iteratee$$anonfun$mapM$1.apply(Iteratee.scala:524) ~[play-iteratees_2.11-2.4.9.jar:2.4.9]
	at play.api.libs.iteratee.Iteratee$$anonfun$flatMapM$1.apply(Iteratee.scala:560) ~[play-iteratees_2.11-2.4.9.jar:2.4.9]
	at play.api.libs.iteratee.Iteratee$$anonfun$flatMapM$1.apply(Iteratee.scala:560) ~[play-iteratees_2.11-2.4.9.jar:2.4.9]
	at play.api.libs.iteratee.Iteratee$$anonfun$flatMap$1$$anonfun$apply$14.apply(Iteratee.scala:537) ~[play-iteratees_2.11-2.4.9.jar:2.4.9]
	at play.api.libs.iteratee.Iteratee$$anonfun$flatMap$1$$anonfun$apply$14.apply(Iteratee.scala:537) ~[play-iteratees_2.11-2.4.9.jar:2.4.9]
	at scala.concurrent.impl.Future$PromiseCompletingRunnable.liftedTree1$1(Future.scala:24) ~[scala-library-2.11.7.jar:na]
	at scala.concurrent.impl.Future$PromiseCompletingRunnable.run(Future.scala:24) ~[scala-library-2.11.7.jar:na]
	... 6 common frames omitted
2017-06-13 00:56:15,569 [ERROR] from application in application-akka.actor.default-dispatcher-182 - 

! @74apjblh8 - Internal server error, for (POST) [/products/new] ->
 
play.api.http.HttpErrorHandlerExceptions$$anon$1: Execution exception[[JsResultException: JsResultException(errors:List((/kategoriaId,List(ValidationError(List(error.expected.jsnumber),WrappedArray()))), (/prodId,List(ValidationError(List(error.expected.jsnumber),WrappedArray())))))]]
	at play.api.http.HttpErrorHandlerExceptions$.throwableToUsefulException(HttpErrorHandler.scala:265) ~[play_2.11-2.4.9.jar:2.4.9]
	at play.api.http.DefaultHttpErrorHandler.onServerError(HttpErrorHandler.scala:191) ~[play_2.11-2.4.9.jar:2.4.9]
	at play.api.GlobalSettings$class.onError(GlobalSettings.scala:179) [play_2.11-2.4.9.jar:2.4.9]
	at play.api.DefaultGlobal$.onError(GlobalSettings.scala:212) [play_2.11-2.4.9.jar:2.4.9]
	at play.api.http.GlobalSettingsHttpErrorHandler.onServerError(HttpErrorHandler.scala:94) [play_2.11-2.4.9.jar:2.4.9]
	at play.filters.cors.AbstractCORSPolicy$$anonfun$1.applyOrElse(AbstractCORSPolicy.scala:145) [filters-helpers_2.11-2.4.9.jar:2.4.9]
	at play.filters.cors.AbstractCORSPolicy$$anonfun$1.applyOrElse(AbstractCORSPolicy.scala:144) [filters-helpers_2.11-2.4.9.jar:2.4.9]
	at scala.concurrent.Future$$anonfun$recoverWith$1.apply(Future.scala:344) [scala-library-2.11.7.jar:na]
	at scala.concurrent.Future$$anonfun$recoverWith$1.apply(Future.scala:343) [scala-library-2.11.7.jar:na]
	at scala.concurrent.impl.CallbackRunnable.run(Promise.scala:32) [scala-library-2.11.7.jar:na]
	at play.api.libs.iteratee.Execution$trampoline$.execute(Execution.scala:70) [play-iteratees_2.11-2.4.9.jar:2.4.9]
	at scala.concurrent.impl.CallbackRunnable.executeWithValue(Promise.scala:40) [scala-library-2.11.7.jar:na]
	at scala.concurrent.impl.Promise$DefaultPromise.tryComplete(Promise.scala:248) [scala-library-2.11.7.jar:na]
	at scala.concurrent.Promise$class.tryFailure(Promise.scala:112) [scala-library-2.11.7.jar:na]
	at scala.concurrent.impl.Promise$DefaultPromise.tryFailure(Promise.scala:153) [scala-library-2.11.7.jar:na]
	at play.api.mvc.Filter$$anon$1$$anonfun$apply$4$$anonfun$apply$1.applyOrElse(Filters.scala:67) [play_2.11-2.4.9.jar:2.4.9]
	at play.api.mvc.Filter$$anon$1$$anonfun$apply$4$$anonfun$apply$1.applyOrElse(Filters.scala:61) [play_2.11-2.4.9.jar:2.4.9]
	at scala.runtime.AbstractPartialFunction.apply(AbstractPartialFunction.scala:36) [scala-library-2.11.7.jar:na]
	at play.api.libs.iteratee.Iteratee$$anonfun$recoverM$1.applyOrElse(Iteratee.scala:629) [play-iteratees_2.11-2.4.9.jar:2.4.9]
	at play.api.libs.iteratee.Iteratee$$anonfun$recoverM$1.applyOrElse(Iteratee.scala:629) [play-iteratees_2.11-2.4.9.jar:2.4.9]
	at scala.runtime.AbstractPartialFunction.apply(AbstractPartialFunction.scala:36) [scala-library-2.11.7.jar:na]
	at scala.util.Failure$$anonfun$recover$1.apply(Try.scala:216) [scala-library-2.11.7.jar:na]
	at scala.util.Try$.apply(Try.scala:192) [scala-library-2.11.7.jar:na]
	at scala.util.Failure.recover(Try.scala:216) [scala-library-2.11.7.jar:na]
	at scala.concurrent.Future$$anonfun$recover$1.apply(Future.scala:324) [scala-library-2.11.7.jar:na]
	at scala.concurrent.Future$$anonfun$recover$1.apply(Future.scala:324) [scala-library-2.11.7.jar:na]
	at scala.concurrent.impl.CallbackRunnable.run(Promise.scala:32) [scala-library-2.11.7.jar:na]
	at akka.dispatch.BatchingExecutor$AbstractBatch.processBatch(BatchingExecutor.scala:55) [akka-actor_2.11-2.3.13.jar:na]
	at akka.dispatch.BatchingExecutor$BlockableBatch$$anonfun$run$1.apply$mcV$sp(BatchingExecutor.scala:91) [akka-actor_2.11-2.3.13.jar:na]
	at akka.dispatch.BatchingExecutor$BlockableBatch$$anonfun$run$1.apply(BatchingExecutor.scala:91) [akka-actor_2.11-2.3.13.jar:na]
	at akka.dispatch.BatchingExecutor$BlockableBatch$$anonfun$run$1.apply(BatchingExecutor.scala:91) [akka-actor_2.11-2.3.13.jar:na]
	at scala.concurrent.BlockContext$.withBlockContext(BlockContext.scala:72) [scala-library-2.11.7.jar:na]
	at akka.dispatch.BatchingExecutor$BlockableBatch.run(BatchingExecutor.scala:90) [akka-actor_2.11-2.3.13.jar:na]
	at akka.dispatch.TaskInvocation.run(AbstractDispatcher.scala:40) [akka-actor_2.11-2.3.13.jar:na]
	at akka.dispatch.ForkJoinExecutorConfigurator$AkkaForkJoinTask.exec(AbstractDispatcher.scala:397) [akka-actor_2.11-2.3.13.jar:na]
	at scala.concurrent.forkjoin.ForkJoinTask.doExec(ForkJoinTask.java:260) [scala-library-2.11.7.jar:na]
	at scala.concurrent.forkjoin.ForkJoinPool$WorkQueue.runTask(ForkJoinPool.java:1339) [scala-library-2.11.7.jar:na]
	at scala.concurrent.forkjoin.ForkJoinPool.runWorker(ForkJoinPool.java:1979) [scala-library-2.11.7.jar:na]
	at scala.concurrent.forkjoin.ForkJoinWorkerThread.run(ForkJoinWorkerThread.java:107) [scala-library-2.11.7.jar:na]
Caused by: play.api.libs.json.JsResultException: JsResultException(errors:List((/kategoriaId,List(ValidationError(List(error.expected.jsnumber),WrappedArray()))), (/prodId,List(ValidationError(List(error.expected.jsnumber),WrappedArray())))))
	at play.api.libs.json.JsReadable$$anonfun$2.apply(JsReadable.scala:20) ~[play-json_2.11-2.4.9.jar:2.4.9]
	at play.api.libs.json.JsReadable$$anonfun$2.apply(JsReadable.scala:20) ~[play-json_2.11-2.4.9.jar:2.4.9]
	at play.api.libs.json.JsResult$class.fold(JsResult.scala:73) ~[play-json_2.11-2.4.9.jar:2.4.9]
	at play.api.libs.json.JsError.fold(JsResult.scala:13) ~[play-json_2.11-2.4.9.jar:2.4.9]
	at play.api.libs.json.JsReadable$class.as(JsReadable.scala:18) ~[play-json_2.11-2.4.9.jar:2.4.9]
	at play.api.libs.json.JsObject.as(JsValue.scala:76) ~[play-json_2.11-2.4.9.jar:2.4.9]
	at controllers.ProductController$$anonfun$newproduct$1.apply(ProductController.scala:32) ~[classes/:na]
	at controllers.ProductController$$anonfun$newproduct$1.apply(ProductController.scala:31) ~[classes/:na]
	at play.api.mvc.ActionBuilder$$anonfun$apply$16.apply(Action.scala:408) ~[play_2.11-2.4.9.jar:2.4.9]
	at play.api.mvc.ActionBuilder$$anonfun$apply$16.apply(Action.scala:407) ~[play_2.11-2.4.9.jar:2.4.9]
	at play.api.mvc.Action$.invokeBlock(Action.scala:533) ~[play_2.11-2.4.9.jar:2.4.9]
	at play.api.mvc.Action$.invokeBlock(Action.scala:530) ~[play_2.11-2.4.9.jar:2.4.9]
	at play.api.mvc.ActionBuilder$$anon$1.apply(Action.scala:493) ~[play_2.11-2.4.9.jar:2.4.9]
	at play.api.mvc.Action$$anonfun$apply$1$$anonfun$apply$4$$anonfun$apply$5.apply(Action.scala:105) ~[play_2.11-2.4.9.jar:2.4.9]
	at play.api.mvc.Action$$anonfun$apply$1$$anonfun$apply$4$$anonfun$apply$5.apply(Action.scala:105) ~[play_2.11-2.4.9.jar:2.4.9]
	at play.utils.Threads$.withContextClassLoader(Threads.scala:21) ~[play_2.11-2.4.9.jar:2.4.9]
	at play.api.mvc.Action$$anonfun$apply$1$$anonfun$apply$4.apply(Action.scala:104) ~[play_2.11-2.4.9.jar:2.4.9]
	at play.api.mvc.Action$$anonfun$apply$1$$anonfun$apply$4.apply(Action.scala:103) ~[play_2.11-2.4.9.jar:2.4.9]
	at scala.Option.map(Option.scala:146) ~[scala-library-2.11.7.jar:na]
	at play.api.mvc.Action$$anonfun$apply$1.apply(Action.scala:103) ~[play_2.11-2.4.9.jar:2.4.9]
	at play.api.mvc.Action$$anonfun$apply$1.apply(Action.scala:96) ~[play_2.11-2.4.9.jar:2.4.9]
	at play.api.libs.iteratee.Iteratee$$anonfun$mapM$1.apply(Iteratee.scala:524) ~[play-iteratees_2.11-2.4.9.jar:2.4.9]
	at play.api.libs.iteratee.Iteratee$$anonfun$mapM$1.apply(Iteratee.scala:524) ~[play-iteratees_2.11-2.4.9.jar:2.4.9]
	at play.api.libs.iteratee.Iteratee$$anonfun$flatMapM$1.apply(Iteratee.scala:560) ~[play-iteratees_2.11-2.4.9.jar:2.4.9]
	at play.api.libs.iteratee.Iteratee$$anonfun$flatMapM$1.apply(Iteratee.scala:560) ~[play-iteratees_2.11-2.4.9.jar:2.4.9]
	at play.api.libs.iteratee.Iteratee$$anonfun$flatMap$1$$anonfun$apply$14.apply(Iteratee.scala:537) ~[play-iteratees_2.11-2.4.9.jar:2.4.9]
	at play.api.libs.iteratee.Iteratee$$anonfun$flatMap$1$$anonfun$apply$14.apply(Iteratee.scala:537) ~[play-iteratees_2.11-2.4.9.jar:2.4.9]
	at scala.concurrent.impl.Future$PromiseCompletingRunnable.liftedTree1$1(Future.scala:24) ~[scala-library-2.11.7.jar:na]
	at scala.concurrent.impl.Future$PromiseCompletingRunnable.run(Future.scala:24) ~[scala-library-2.11.7.jar:na]
	... 6 common frames omitted
2017-06-13 00:56:44,020 [ERROR] from application in application-akka.actor.default-dispatcher-188 - 

! @74apjdbop - Internal server error, for (POST) [/products/new] ->
 
play.api.http.HttpErrorHandlerExceptions$$anon$1: Execution exception[[JsResultException: JsResultException(errors:List((/kategoriaId,List(ValidationError(List(error.expected.jsnumber),WrappedArray()))), (/prodId,List(ValidationError(List(error.expected.jsnumber),WrappedArray())))))]]
	at play.api.http.HttpErrorHandlerExceptions$.throwableToUsefulException(HttpErrorHandler.scala:265) ~[play_2.11-2.4.9.jar:2.4.9]
	at play.api.http.DefaultHttpErrorHandler.onServerError(HttpErrorHandler.scala:191) ~[play_2.11-2.4.9.jar:2.4.9]
	at play.api.GlobalSettings$class.onError(GlobalSettings.scala:179) [play_2.11-2.4.9.jar:2.4.9]
	at play.api.DefaultGlobal$.onError(GlobalSettings.scala:212) [play_2.11-2.4.9.jar:2.4.9]
	at play.api.http.GlobalSettingsHttpErrorHandler.onServerError(HttpErrorHandler.scala:94) [play_2.11-2.4.9.jar:2.4.9]
	at play.filters.cors.AbstractCORSPolicy$$anonfun$1.applyOrElse(AbstractCORSPolicy.scala:145) [filters-helpers_2.11-2.4.9.jar:2.4.9]
	at play.filters.cors.AbstractCORSPolicy$$anonfun$1.applyOrElse(AbstractCORSPolicy.scala:144) [filters-helpers_2.11-2.4.9.jar:2.4.9]
	at scala.concurrent.Future$$anonfun$recoverWith$1.apply(Future.scala:344) [scala-library-2.11.7.jar:na]
	at scala.concurrent.Future$$anonfun$recoverWith$1.apply(Future.scala:343) [scala-library-2.11.7.jar:na]
	at scala.concurrent.impl.CallbackRunnable.run(Promise.scala:32) [scala-library-2.11.7.jar:na]
	at play.api.libs.iteratee.Execution$trampoline$.execute(Execution.scala:70) [play-iteratees_2.11-2.4.9.jar:2.4.9]
	at scala.concurrent.impl.CallbackRunnable.executeWithValue(Promise.scala:40) [scala-library-2.11.7.jar:na]
	at scala.concurrent.impl.Promise$DefaultPromise.tryComplete(Promise.scala:248) [scala-library-2.11.7.jar:na]
	at scala.concurrent.Promise$class.tryFailure(Promise.scala:112) [scala-library-2.11.7.jar:na]
	at scala.concurrent.impl.Promise$DefaultPromise.tryFailure(Promise.scala:153) [scala-library-2.11.7.jar:na]
	at play.api.mvc.Filter$$anon$1$$anonfun$apply$4$$anonfun$apply$1.applyOrElse(Filters.scala:67) [play_2.11-2.4.9.jar:2.4.9]
	at play.api.mvc.Filter$$anon$1$$anonfun$apply$4$$anonfun$apply$1.applyOrElse(Filters.scala:61) [play_2.11-2.4.9.jar:2.4.9]
	at scala.runtime.AbstractPartialFunction.apply(AbstractPartialFunction.scala:36) [scala-library-2.11.7.jar:na]
	at play.api.libs.iteratee.Iteratee$$anonfun$recoverM$1.applyOrElse(Iteratee.scala:629) [play-iteratees_2.11-2.4.9.jar:2.4.9]
	at play.api.libs.iteratee.Iteratee$$anonfun$recoverM$1.applyOrElse(Iteratee.scala:629) [play-iteratees_2.11-2.4.9.jar:2.4.9]
	at scala.runtime.AbstractPartialFunction.apply(AbstractPartialFunction.scala:36) [scala-library-2.11.7.jar:na]
	at scala.util.Failure$$anonfun$recover$1.apply(Try.scala:216) [scala-library-2.11.7.jar:na]
	at scala.util.Try$.apply(Try.scala:192) [scala-library-2.11.7.jar:na]
	at scala.util.Failure.recover(Try.scala:216) [scala-library-2.11.7.jar:na]
	at scala.concurrent.Future$$anonfun$recover$1.apply(Future.scala:324) [scala-library-2.11.7.jar:na]
	at scala.concurrent.Future$$anonfun$recover$1.apply(Future.scala:324) [scala-library-2.11.7.jar:na]
	at scala.concurrent.impl.CallbackRunnable.run(Promise.scala:32) [scala-library-2.11.7.jar:na]
	at akka.dispatch.BatchingExecutor$AbstractBatch.processBatch(BatchingExecutor.scala:55) [akka-actor_2.11-2.3.13.jar:na]
	at akka.dispatch.BatchingExecutor$BlockableBatch$$anonfun$run$1.apply$mcV$sp(BatchingExecutor.scala:91) [akka-actor_2.11-2.3.13.jar:na]
	at akka.dispatch.BatchingExecutor$BlockableBatch$$anonfun$run$1.apply(BatchingExecutor.scala:91) [akka-actor_2.11-2.3.13.jar:na]
	at akka.dispatch.BatchingExecutor$BlockableBatch$$anonfun$run$1.apply(BatchingExecutor.scala:91) [akka-actor_2.11-2.3.13.jar:na]
	at scala.concurrent.BlockContext$.withBlockContext(BlockContext.scala:72) [scala-library-2.11.7.jar:na]
	at akka.dispatch.BatchingExecutor$BlockableBatch.run(BatchingExecutor.scala:90) [akka-actor_2.11-2.3.13.jar:na]
	at akka.dispatch.TaskInvocation.run(AbstractDispatcher.scala:40) [akka-actor_2.11-2.3.13.jar:na]
	at akka.dispatch.ForkJoinExecutorConfigurator$AkkaForkJoinTask.exec(AbstractDispatcher.scala:397) [akka-actor_2.11-2.3.13.jar:na]
	at scala.concurrent.forkjoin.ForkJoinTask.doExec(ForkJoinTask.java:260) [scala-library-2.11.7.jar:na]
	at scala.concurrent.forkjoin.ForkJoinPool$WorkQueue.runTask(ForkJoinPool.java:1339) [scala-library-2.11.7.jar:na]
	at scala.concurrent.forkjoin.ForkJoinPool.runWorker(ForkJoinPool.java:1979) [scala-library-2.11.7.jar:na]
	at scala.concurrent.forkjoin.ForkJoinWorkerThread.run(ForkJoinWorkerThread.java:107) [scala-library-2.11.7.jar:na]
Caused by: play.api.libs.json.JsResultException: JsResultException(errors:List((/kategoriaId,List(ValidationError(List(error.expected.jsnumber),WrappedArray()))), (/prodId,List(ValidationError(List(error.expected.jsnumber),WrappedArray())))))
	at play.api.libs.json.JsReadable$$anonfun$2.apply(JsReadable.scala:20) ~[play-json_2.11-2.4.9.jar:2.4.9]
	at play.api.libs.json.JsReadable$$anonfun$2.apply(JsReadable.scala:20) ~[play-json_2.11-2.4.9.jar:2.4.9]
	at play.api.libs.json.JsResult$class.fold(JsResult.scala:73) ~[play-json_2.11-2.4.9.jar:2.4.9]
	at play.api.libs.json.JsError.fold(JsResult.scala:13) ~[play-json_2.11-2.4.9.jar:2.4.9]
	at play.api.libs.json.JsReadable$class.as(JsReadable.scala:18) ~[play-json_2.11-2.4.9.jar:2.4.9]
	at play.api.libs.json.JsObject.as(JsValue.scala:76) ~[play-json_2.11-2.4.9.jar:2.4.9]
	at controllers.ProductController$$anonfun$newproduct$1.apply(ProductController.scala:32) ~[classes/:na]
	at controllers.ProductController$$anonfun$newproduct$1.apply(ProductController.scala:31) ~[classes/:na]
	at play.api.mvc.ActionBuilder$$anonfun$apply$16.apply(Action.scala:408) ~[play_2.11-2.4.9.jar:2.4.9]
	at play.api.mvc.ActionBuilder$$anonfun$apply$16.apply(Action.scala:407) ~[play_2.11-2.4.9.jar:2.4.9]
	at play.api.mvc.Action$.invokeBlock(Action.scala:533) ~[play_2.11-2.4.9.jar:2.4.9]
	at play.api.mvc.Action$.invokeBlock(Action.scala:530) ~[play_2.11-2.4.9.jar:2.4.9]
	at play.api.mvc.ActionBuilder$$anon$1.apply(Action.scala:493) ~[play_2.11-2.4.9.jar:2.4.9]
	at play.api.mvc.Action$$anonfun$apply$1$$anonfun$apply$4$$anonfun$apply$5.apply(Action.scala:105) ~[play_2.11-2.4.9.jar:2.4.9]
	at play.api.mvc.Action$$anonfun$apply$1$$anonfun$apply$4$$anonfun$apply$5.apply(Action.scala:105) ~[play_2.11-2.4.9.jar:2.4.9]
	at play.utils.Threads$.withContextClassLoader(Threads.scala:21) ~[play_2.11-2.4.9.jar:2.4.9]
	at play.api.mvc.Action$$anonfun$apply$1$$anonfun$apply$4.apply(Action.scala:104) ~[play_2.11-2.4.9.jar:2.4.9]
	at play.api.mvc.Action$$anonfun$apply$1$$anonfun$apply$4.apply(Action.scala:103) ~[play_2.11-2.4.9.jar:2.4.9]
	at scala.Option.map(Option.scala:146) ~[scala-library-2.11.7.jar:na]
	at play.api.mvc.Action$$anonfun$apply$1.apply(Action.scala:103) ~[play_2.11-2.4.9.jar:2.4.9]
	at play.api.mvc.Action$$anonfun$apply$1.apply(Action.scala:96) ~[play_2.11-2.4.9.jar:2.4.9]
	at play.api.libs.iteratee.Iteratee$$anonfun$mapM$1.apply(Iteratee.scala:524) ~[play-iteratees_2.11-2.4.9.jar:2.4.9]
	at play.api.libs.iteratee.Iteratee$$anonfun$mapM$1.apply(Iteratee.scala:524) ~[play-iteratees_2.11-2.4.9.jar:2.4.9]
	at play.api.libs.iteratee.Iteratee$$anonfun$flatMapM$1.apply(Iteratee.scala:560) ~[play-iteratees_2.11-2.4.9.jar:2.4.9]
	at play.api.libs.iteratee.Iteratee$$anonfun$flatMapM$1.apply(Iteratee.scala:560) ~[play-iteratees_2.11-2.4.9.jar:2.4.9]
	at play.api.libs.iteratee.Iteratee$$anonfun$flatMap$1$$anonfun$apply$14.apply(Iteratee.scala:537) ~[play-iteratees_2.11-2.4.9.jar:2.4.9]
	at play.api.libs.iteratee.Iteratee$$anonfun$flatMap$1$$anonfun$apply$14.apply(Iteratee.scala:537) ~[play-iteratees_2.11-2.4.9.jar:2.4.9]
	at scala.concurrent.impl.Future$PromiseCompletingRunnable.liftedTree1$1(Future.scala:24) ~[scala-library-2.11.7.jar:na]
	at scala.concurrent.impl.Future$PromiseCompletingRunnable.run(Future.scala:24) ~[scala-library-2.11.7.jar:na]
	... 6 common frames omitted
2017-06-13 01:08:22,010 [ERROR] from application in application-akka.actor.default-dispatcher-195 - 

! @74apl14c5 - Internal server error, for (POST) [/products/new] ->
 
play.api.http.HttpErrorHandlerExceptions$$anon$1: Execution exception[[JsResultException: JsResultException(errors:List((/prodId,List(ValidationError(List(error.expected.jsnumber),WrappedArray())))))]]
	at play.api.http.HttpErrorHandlerExceptions$.throwableToUsefulException(HttpErrorHandler.scala:265) ~[play_2.11-2.4.9.jar:2.4.9]
	at play.api.http.DefaultHttpErrorHandler.onServerError(HttpErrorHandler.scala:191) ~[play_2.11-2.4.9.jar:2.4.9]
	at play.api.GlobalSettings$class.onError(GlobalSettings.scala:179) [play_2.11-2.4.9.jar:2.4.9]
	at play.api.DefaultGlobal$.onError(GlobalSettings.scala:212) [play_2.11-2.4.9.jar:2.4.9]
	at play.api.http.GlobalSettingsHttpErrorHandler.onServerError(HttpErrorHandler.scala:94) [play_2.11-2.4.9.jar:2.4.9]
	at play.filters.cors.AbstractCORSPolicy$$anonfun$1.applyOrElse(AbstractCORSPolicy.scala:145) [filters-helpers_2.11-2.4.9.jar:2.4.9]
	at play.filters.cors.AbstractCORSPolicy$$anonfun$1.applyOrElse(AbstractCORSPolicy.scala:144) [filters-helpers_2.11-2.4.9.jar:2.4.9]
	at scala.concurrent.Future$$anonfun$recoverWith$1.apply(Future.scala:344) [scala-library-2.11.7.jar:na]
	at scala.concurrent.Future$$anonfun$recoverWith$1.apply(Future.scala:343) [scala-library-2.11.7.jar:na]
	at scala.concurrent.impl.CallbackRunnable.run(Promise.scala:32) [scala-library-2.11.7.jar:na]
	at play.api.libs.iteratee.Execution$trampoline$.execute(Execution.scala:70) [play-iteratees_2.11-2.4.9.jar:2.4.9]
	at scala.concurrent.impl.CallbackRunnable.executeWithValue(Promise.scala:40) [scala-library-2.11.7.jar:na]
	at scala.concurrent.impl.Promise$DefaultPromise.tryComplete(Promise.scala:248) [scala-library-2.11.7.jar:na]
	at scala.concurrent.Promise$class.tryFailure(Promise.scala:112) [scala-library-2.11.7.jar:na]
	at scala.concurrent.impl.Promise$DefaultPromise.tryFailure(Promise.scala:153) [scala-library-2.11.7.jar:na]
	at play.api.mvc.Filter$$anon$1$$anonfun$apply$4$$anonfun$apply$1.applyOrElse(Filters.scala:67) [play_2.11-2.4.9.jar:2.4.9]
	at play.api.mvc.Filter$$anon$1$$anonfun$apply$4$$anonfun$apply$1.applyOrElse(Filters.scala:61) [play_2.11-2.4.9.jar:2.4.9]
	at scala.runtime.AbstractPartialFunction.apply(AbstractPartialFunction.scala:36) [scala-library-2.11.7.jar:na]
	at play.api.libs.iteratee.Iteratee$$anonfun$recoverM$1.applyOrElse(Iteratee.scala:629) [play-iteratees_2.11-2.4.9.jar:2.4.9]
	at play.api.libs.iteratee.Iteratee$$anonfun$recoverM$1.applyOrElse(Iteratee.scala:629) [play-iteratees_2.11-2.4.9.jar:2.4.9]
	at scala.runtime.AbstractPartialFunction.apply(AbstractPartialFunction.scala:36) [scala-library-2.11.7.jar:na]
	at scala.util.Failure$$anonfun$recover$1.apply(Try.scala:216) [scala-library-2.11.7.jar:na]
	at scala.util.Try$.apply(Try.scala:192) [scala-library-2.11.7.jar:na]
	at scala.util.Failure.recover(Try.scala:216) [scala-library-2.11.7.jar:na]
	at scala.concurrent.Future$$anonfun$recover$1.apply(Future.scala:324) [scala-library-2.11.7.jar:na]
	at scala.concurrent.Future$$anonfun$recover$1.apply(Future.scala:324) [scala-library-2.11.7.jar:na]
	at scala.concurrent.impl.CallbackRunnable.run(Promise.scala:32) [scala-library-2.11.7.jar:na]
	at akka.dispatch.BatchingExecutor$AbstractBatch.processBatch(BatchingExecutor.scala:55) [akka-actor_2.11-2.3.13.jar:na]
	at akka.dispatch.BatchingExecutor$BlockableBatch$$anonfun$run$1.apply$mcV$sp(BatchingExecutor.scala:91) [akka-actor_2.11-2.3.13.jar:na]
	at akka.dispatch.BatchingExecutor$BlockableBatch$$anonfun$run$1.apply(BatchingExecutor.scala:91) [akka-actor_2.11-2.3.13.jar:na]
	at akka.dispatch.BatchingExecutor$BlockableBatch$$anonfun$run$1.apply(BatchingExecutor.scala:91) [akka-actor_2.11-2.3.13.jar:na]
	at scala.concurrent.BlockContext$.withBlockContext(BlockContext.scala:72) [scala-library-2.11.7.jar:na]
	at akka.dispatch.BatchingExecutor$BlockableBatch.run(BatchingExecutor.scala:90) [akka-actor_2.11-2.3.13.jar:na]
	at akka.dispatch.TaskInvocation.run(AbstractDispatcher.scala:40) [akka-actor_2.11-2.3.13.jar:na]
	at akka.dispatch.ForkJoinExecutorConfigurator$AkkaForkJoinTask.exec(AbstractDispatcher.scala:397) [akka-actor_2.11-2.3.13.jar:na]
	at scala.concurrent.forkjoin.ForkJoinTask.doExec(ForkJoinTask.java:260) [scala-library-2.11.7.jar:na]
	at scala.concurrent.forkjoin.ForkJoinPool$WorkQueue.runTask(ForkJoinPool.java:1339) [scala-library-2.11.7.jar:na]
	at scala.concurrent.forkjoin.ForkJoinPool.runWorker(ForkJoinPool.java:1979) [scala-library-2.11.7.jar:na]
	at scala.concurrent.forkjoin.ForkJoinWorkerThread.run(ForkJoinWorkerThread.java:107) [scala-library-2.11.7.jar:na]
Caused by: play.api.libs.json.JsResultException: JsResultException(errors:List((/prodId,List(ValidationError(List(error.expected.jsnumber),WrappedArray())))))
	at play.api.libs.json.JsReadable$$anonfun$2.apply(JsReadable.scala:20) ~[play-json_2.11-2.4.9.jar:2.4.9]
	at play.api.libs.json.JsReadable$$anonfun$2.apply(JsReadable.scala:20) ~[play-json_2.11-2.4.9.jar:2.4.9]
	at play.api.libs.json.JsResult$class.fold(JsResult.scala:73) ~[play-json_2.11-2.4.9.jar:2.4.9]
	at play.api.libs.json.JsError.fold(JsResult.scala:13) ~[play-json_2.11-2.4.9.jar:2.4.9]
	at play.api.libs.json.JsReadable$class.as(JsReadable.scala:18) ~[play-json_2.11-2.4.9.jar:2.4.9]
	at play.api.libs.json.JsObject.as(JsValue.scala:76) ~[play-json_2.11-2.4.9.jar:2.4.9]
	at controllers.ProductController$$anonfun$newproduct$1.apply(ProductController.scala:32) ~[classes/:na]
	at controllers.ProductController$$anonfun$newproduct$1.apply(ProductController.scala:31) ~[classes/:na]
	at play.api.mvc.ActionBuilder$$anonfun$apply$16.apply(Action.scala:408) ~[play_2.11-2.4.9.jar:2.4.9]
	at play.api.mvc.ActionBuilder$$anonfun$apply$16.apply(Action.scala:407) ~[play_2.11-2.4.9.jar:2.4.9]
	at play.api.mvc.Action$.invokeBlock(Action.scala:533) ~[play_2.11-2.4.9.jar:2.4.9]
	at play.api.mvc.Action$.invokeBlock(Action.scala:530) ~[play_2.11-2.4.9.jar:2.4.9]
	at play.api.mvc.ActionBuilder$$anon$1.apply(Action.scala:493) ~[play_2.11-2.4.9.jar:2.4.9]
	at play.api.mvc.Action$$anonfun$apply$1$$anonfun$apply$4$$anonfun$apply$5.apply(Action.scala:105) ~[play_2.11-2.4.9.jar:2.4.9]
	at play.api.mvc.Action$$anonfun$apply$1$$anonfun$apply$4$$anonfun$apply$5.apply(Action.scala:105) ~[play_2.11-2.4.9.jar:2.4.9]
	at play.utils.Threads$.withContextClassLoader(Threads.scala:21) ~[play_2.11-2.4.9.jar:2.4.9]
	at play.api.mvc.Action$$anonfun$apply$1$$anonfun$apply$4.apply(Action.scala:104) ~[play_2.11-2.4.9.jar:2.4.9]
	at play.api.mvc.Action$$anonfun$apply$1$$anonfun$apply$4.apply(Action.scala:103) ~[play_2.11-2.4.9.jar:2.4.9]
	at scala.Option.map(Option.scala:146) ~[scala-library-2.11.7.jar:na]
	at play.api.mvc.Action$$anonfun$apply$1.apply(Action.scala:103) ~[play_2.11-2.4.9.jar:2.4.9]
	at play.api.mvc.Action$$anonfun$apply$1.apply(Action.scala:96) ~[play_2.11-2.4.9.jar:2.4.9]
	at play.api.libs.iteratee.Iteratee$$anonfun$mapM$1.apply(Iteratee.scala:524) ~[play-iteratees_2.11-2.4.9.jar:2.4.9]
	at play.api.libs.iteratee.Iteratee$$anonfun$mapM$1.apply(Iteratee.scala:524) ~[play-iteratees_2.11-2.4.9.jar:2.4.9]
	at play.api.libs.iteratee.Iteratee$$anonfun$flatMapM$1.apply(Iteratee.scala:560) ~[play-iteratees_2.11-2.4.9.jar:2.4.9]
	at play.api.libs.iteratee.Iteratee$$anonfun$flatMapM$1.apply(Iteratee.scala:560) ~[play-iteratees_2.11-2.4.9.jar:2.4.9]
	at play.api.libs.iteratee.Iteratee$$anonfun$flatMap$1$$anonfun$apply$14.apply(Iteratee.scala:537) ~[play-iteratees_2.11-2.4.9.jar:2.4.9]
	at play.api.libs.iteratee.Iteratee$$anonfun$flatMap$1$$anonfun$apply$14.apply(Iteratee.scala:537) ~[play-iteratees_2.11-2.4.9.jar:2.4.9]
	at scala.concurrent.impl.Future$PromiseCompletingRunnable.liftedTree1$1(Future.scala:24) ~[scala-library-2.11.7.jar:na]
	at scala.concurrent.impl.Future$PromiseCompletingRunnable.run(Future.scala:24) ~[scala-library-2.11.7.jar:na]
	... 6 common frames omitted
